c:\src\copy_sapling\sapling\sapling.dir\debug\cmake_pch.pch
c:\src\copy_sapling\lib\debug\sapling.pdb
c:\src\copy_sapling\sapling\sapling.dir\debug\cmake_pch.obj
c:\src\copy_sapling\sapling\sapling.dir\debug\sappch.obj
c:\src\copy_sapling\sapling\sapling.dir\debug\imguilayer.obj
c:\src\copy_sapling\sapling\sapling.dir\debug\mesh.obj
c:\src\copy_sapling\sapling\sapling.dir\debug\layerstack.obj
c:\src\copy_sapling\sapling\sapling.dir\debug\layer.obj
c:\src\copy_sapling\sapling\sapling.dir\debug\entity.obj
c:\src\copy_sapling\sapling\sapling.dir\debug\application.obj
c:\src\copy_sapling\sapling\sapling.dir\debug\windowswindow.obj
c:\src\copy_sapling\sapling\cmakefiles\generate.stamp
c:\src\copy_sapling\lib\debug\sapling.lib
c:\src\copy_sapling\sapling\sapling.dir\debug\sapling.tlog\cl.command.1.tlog
c:\src\copy_sapling\sapling\sapling.dir\debug\sapling.tlog\cl.items.tlog
c:\src\copy_sapling\sapling\sapling.dir\debug\sapling.tlog\cl.read.1.tlog
c:\src\copy_sapling\sapling\sapling.dir\debug\sapling.tlog\cl.write.1.tlog
c:\src\copy_sapling\sapling\sapling.dir\debug\sapling.tlog\custombuild.command.1.tlog
c:\src\copy_sapling\sapling\sapling.dir\debug\sapling.tlog\custombuild.read.1.tlog
c:\src\copy_sapling\sapling\sapling.dir\debug\sapling.tlog\custombuild.write.1.tlog
c:\src\copy_sapling\sapling\sapling.dir\debug\sapling.tlog\lib-link.read.1.tlog
c:\src\copy_sapling\sapling\sapling.dir\debug\sapling.tlog\lib-link.write.1.tlog
c:\src\copy_sapling\sapling\sapling.dir\debug\sapling.tlog\lib.command.1.tlog
